{"D:\\Work\\FrontEnd\\final-project\\finalProjectCloned\\server.js": {"path":"D:\\Work\\FrontEnd\\final-project\\finalProjectCloned\\server.js","statementMap":{"0":{"start":{"line":1,"column":0},"end":{"line":1,"column":24}},"1":{"start":{"line":2,"column":0},"end":{"line":2,"column":29}},"2":{"start":{"line":4,"column":15},"end":{"line":4,"column":32}},"3":{"start":{"line":5,"column":19},"end":{"line":5,"column":41}},"4":{"start":{"line":6,"column":21},"end":{"line":6,"column":45}},"5":{"start":{"line":7,"column":16},"end":{"line":7,"column":34}},"6":{"start":{"line":8,"column":16},"end":{"line":8,"column":42}},"7":{"start":{"line":9,"column":17},"end":{"line":9,"column":36}},"8":{"start":{"line":10,"column":18},"end":{"line":10,"column":56}},"9":{"start":{"line":11,"column":13},"end":{"line":11,"column":28}},"10":{"start":{"line":12,"column":14},"end":{"line":12,"column":38}},"11":{"start":{"line":14,"column":24},"end":{"line":14,"column":60}},"12":{"start":{"line":16,"column":12},"end":{"line":16,"column":21}},"13":{"start":{"line":17,"column":13},"end":{"line":17,"column":37}},"14":{"start":{"line":18,"column":17},"end":{"line":18,"column":28}},"15":{"start":{"line":20,"column":20},"end":{"line":20,"column":50}},"16":{"start":{"line":24,"column":0},"end":{"line":24,"column":28}},"17":{"start":{"line":25,"column":0},"end":{"line":25,"column":17}},"18":{"start":{"line":26,"column":0},"end":{"line":26,"column":54}},"19":{"start":{"line":27,"column":0},"end":{"line":27,"column":27}},"20":{"start":{"line":28,"column":0},"end":{"line":28,"column":51}},"21":{"start":{"line":29,"column":0},"end":{"line":29,"column":24}},"22":{"start":{"line":30,"column":0},"end":{"line":35,"column":4}},"23":{"start":{"line":36,"column":0},"end":{"line":36,"column":31}},"24":{"start":{"line":37,"column":0},"end":{"line":37,"column":28}},"25":{"start":{"line":41,"column":0},"end":{"line":43,"column":3}},"26":{"start":{"line":42,"column":2},"end":{"line":42,"column":9}},"27":{"start":{"line":45,"column":0},"end":{"line":45,"column":39}},"28":{"start":{"line":49,"column":0},"end":{"line":51,"column":3}},"29":{"start":{"line":50,"column":2},"end":{"line":50,"column":9}},"30":{"start":{"line":53,"column":0},"end":{"line":61,"column":22}},"31":{"start":{"line":55,"column":4},"end":{"line":59,"column":7}},"32":{"start":{"line":56,"column":6},"end":{"line":58,"column":7}},"33":{"start":{"line":57,"column":8},"end":{"line":57,"column":69}},"34":{"start":{"line":63,"column":0},"end":{"line":63,"column":21}}},"fnMap":{"0":{"name":"(anonymous_0)","decl":{"start":{"line":41,"column":8},"end":{"line":41,"column":9}},"loc":{"start":{"line":41,"column":28},"end":{"line":43,"column":1}},"line":41},"1":{"name":"(anonymous_1)","decl":{"start":{"line":49,"column":8},"end":{"line":49,"column":9}},"loc":{"start":{"line":49,"column":28},"end":{"line":51,"column":1}},"line":49},"2":{"name":"(anonymous_2)","decl":{"start":{"line":54,"column":8},"end":{"line":54,"column":9}},"loc":{"start":{"line":54,"column":14},"end":{"line":60,"column":3}},"line":54},"3":{"name":"(anonymous_3)","decl":{"start":{"line":55,"column":31},"end":{"line":55,"column":32}},"loc":{"start":{"line":55,"column":37},"end":{"line":59,"column":5}},"line":55}},"branchMap":{"0":{"loc":{"start":{"line":17,"column":13},"end":{"line":17,"column":37}},"type":"binary-expr","locations":[{"start":{"line":17,"column":13},"end":{"line":17,"column":29}},{"start":{"line":17,"column":33},"end":{"line":17,"column":37}}],"line":17},"1":{"loc":{"start":{"line":56,"column":6},"end":{"line":58,"column":7}},"type":"if","locations":[{"start":{"line":56,"column":6},"end":{"line":58,"column":7}},{"start":{"line":56,"column":6},"end":{"line":58,"column":7}}],"line":56}},"s":{"0":1,"1":1,"2":1,"3":1,"4":1,"5":1,"6":1,"7":1,"8":1,"9":1,"10":1,"11":1,"12":1,"13":1,"14":1,"15":1,"16":1,"17":1,"18":1,"19":1,"20":1,"21":1,"22":1,"23":1,"24":1,"25":1,"26":12,"27":1,"28":1,"29":8,"30":1,"31":1,"32":1,"33":0,"34":1},"f":{"0":12,"1":8,"2":1,"3":1},"b":{"0":[1,1],"1":[0,1]},"_coverageSchema":"43e27e138ebf9cfc5966b082cf9a028302ed4184","hash":"33f5dd69c29248b3145380bb19ad624821c3e14e"}
,"D:\\Work\\FrontEnd\\final-project\\finalProjectCloned\\config\\env.js": {"path":"D:\\Work\\FrontEnd\\final-project\\finalProjectCloned\\config\\env.js","statementMap":{"0":{"start":{"line":1,"column":0},"end":{"line":1,"column":27}},"1":{"start":{"line":2,"column":0},"end":{"line":2,"column":18}},"2":{"start":{"line":4,"column":17},"end":{"line":9,"column":1}},"3":{"start":{"line":11,"column":12},"end":{"line":11,"column":16}},"4":{"start":{"line":13,"column":0},"end":{"line":25,"column":3}},"5":{"start":{"line":14,"column":2},"end":{"line":24,"column":3}},"6":{"start":{"line":16,"column":4},"end":{"line":16,"column":73}},"7":{"start":{"line":17,"column":4},"end":{"line":23,"column":5}},"8":{"start":{"line":18,"column":6},"end":{"line":18,"column":68}},"9":{"start":{"line":19,"column":6},"end":{"line":19,"column":20}},"10":{"start":{"line":21,"column":6},"end":{"line":21,"column":41}},"11":{"start":{"line":22,"column":6},"end":{"line":22,"column":89}},"12":{"start":{"line":27,"column":0},"end":{"line":31,"column":1}},"13":{"start":{"line":29,"column":2},"end":{"line":29,"column":89}},"14":{"start":{"line":30,"column":2},"end":{"line":30,"column":17}}},"fnMap":{"0":{"name":"(anonymous_0)","decl":{"start":{"line":13,"column":30},"end":{"line":13,"column":31}},"loc":{"start":{"line":13,"column":40},"end":{"line":25,"column":1}},"line":13}},"branchMap":{"0":{"loc":{"start":{"line":14,"column":2},"end":{"line":24,"column":3}},"type":"if","locations":[{"start":{"line":14,"column":2},"end":{"line":24,"column":3}},{"start":{"line":14,"column":2},"end":{"line":24,"column":3}}],"line":14},"1":{"loc":{"start":{"line":17,"column":4},"end":{"line":23,"column":5}},"type":"if","locations":[{"start":{"line":17,"column":4},"end":{"line":23,"column":5}},{"start":{"line":17,"column":4},"end":{"line":23,"column":5}}],"line":17},"2":{"loc":{"start":{"line":27,"column":0},"end":{"line":31,"column":1}},"type":"if","locations":[{"start":{"line":27,"column":0},"end":{"line":31,"column":1}},{"start":{"line":27,"column":0},"end":{"line":31,"column":1}}],"line":27}},"s":{"0":1,"1":1,"2":1,"3":1,"4":1,"5":4,"6":0,"7":0,"8":0,"9":0,"10":0,"11":0,"12":1,"13":0,"14":0},"f":{"0":4},"b":{"0":[0,4],"1":[0,0],"2":[0,1]},"_coverageSchema":"43e27e138ebf9cfc5966b082cf9a028302ed4184","hash":"a7da3dc0c0d0a6f1265ee7ce0201e9b9217ef3b7"}
,"D:\\Work\\FrontEnd\\final-project\\finalProjectCloned\\config\\mongoose.js": {"path":"D:\\Work\\FrontEnd\\final-project\\finalProjectCloned\\config\\mongoose.js","statementMap":{"0":{"start":{"line":1,"column":0},"end":{"line":1,"column":27}},"1":{"start":{"line":2,"column":17},"end":{"line":2,"column":36}},"2":{"start":{"line":4,"column":0},"end":{"line":4,"column":37}},"3":{"start":{"line":5,"column":0},"end":{"line":5,"column":34}},"4":{"start":{"line":7,"column":12},"end":{"line":7,"column":102}},"5":{"start":{"line":9,"column":0},"end":{"line":9,"column":95}},"6":{"start":{"line":9,"column":24},"end":{"line":9,"column":94}},"7":{"start":{"line":11,"column":0},"end":{"line":11,"column":55}},"8":{"start":{"line":11,"column":27},"end":{"line":11,"column":54}}},"fnMap":{"0":{"name":"(anonymous_0)","decl":{"start":{"line":9,"column":18},"end":{"line":9,"column":19}},"loc":{"start":{"line":9,"column":24},"end":{"line":9,"column":94}},"line":9},"1":{"name":"(anonymous_1)","decl":{"start":{"line":11,"column":21},"end":{"line":11,"column":22}},"loc":{"start":{"line":11,"column":27},"end":{"line":11,"column":54}},"line":11}},"branchMap":{"0":{"loc":{"start":{"line":7,"column":12},"end":{"line":7,"column":102}},"type":"cond-expr","locations":[{"start":{"line":7,"column":46},"end":{"line":7,"column":75}},{"start":{"line":7,"column":78},"end":{"line":7,"column":102}}],"line":7}},"s":{"0":1,"1":1,"2":1,"3":1,"4":1,"5":1,"6":1,"7":1,"8":0},"f":{"0":1,"1":0},"b":{"0":[1,0]},"_coverageSchema":"43e27e138ebf9cfc5966b082cf9a028302ed4184","hash":"6ef4477bca9a0ae4a5100fe49c433a2d6f2f1963"}
,"D:\\Work\\FrontEnd\\final-project\\finalProjectCloned\\config\\passport.js": {"path":"D:\\Work\\FrontEnd\\final-project\\finalProjectCloned\\config\\passport.js","statementMap":{"0":{"start":{"line":1,"column":17},"end":{"line":1,"column":36}},"1":{"start":{"line":2,"column":22},"end":{"line":2,"column":56}},"2":{"start":{"line":3,"column":17},"end":{"line":3,"column":52}},"3":{"start":{"line":5,"column":0},"end":{"line":23,"column":3}},"4":{"start":{"line":11,"column":4},"end":{"line":21,"column":26}},"5":{"start":{"line":13,"column":8},"end":{"line":15,"column":9}},"6":{"start":{"line":14,"column":10},"end":{"line":14,"column":71}},"7":{"start":{"line":16,"column":8},"end":{"line":18,"column":9}},"8":{"start":{"line":17,"column":10},"end":{"line":17,"column":71}},"9":{"start":{"line":19,"column":8},"end":{"line":19,"column":36}},"10":{"start":{"line":25,"column":0},"end":{"line":27,"column":3}},"11":{"start":{"line":26,"column":2},"end":{"line":26,"column":24}},"12":{"start":{"line":29,"column":0},"end":{"line":35,"column":3}},"13":{"start":{"line":30,"column":2},"end":{"line":34,"column":24}},"14":{"start":{"line":32,"column":6},"end":{"line":32,"column":62}}},"fnMap":{"0":{"name":"(anonymous_0)","decl":{"start":{"line":10,"column":2},"end":{"line":10,"column":3}},"loc":{"start":{"line":10,"column":38},"end":{"line":22,"column":3}},"line":10},"1":{"name":"(anonymous_1)","decl":{"start":{"line":12,"column":12},"end":{"line":12,"column":13}},"loc":{"start":{"line":12,"column":26},"end":{"line":20,"column":7}},"line":12},"2":{"name":"(anonymous_2)","decl":{"start":{"line":25,"column":23},"end":{"line":25,"column":24}},"loc":{"start":{"line":25,"column":41},"end":{"line":27,"column":1}},"line":25},"3":{"name":"(anonymous_3)","decl":{"start":{"line":29,"column":25},"end":{"line":29,"column":26}},"loc":{"start":{"line":29,"column":37},"end":{"line":35,"column":1}},"line":29},"4":{"name":"(anonymous_4)","decl":{"start":{"line":31,"column":10},"end":{"line":31,"column":11}},"loc":{"start":{"line":31,"column":24},"end":{"line":33,"column":5}},"line":31}},"branchMap":{"0":{"loc":{"start":{"line":13,"column":8},"end":{"line":15,"column":9}},"type":"if","locations":[{"start":{"line":13,"column":8},"end":{"line":15,"column":9}},{"start":{"line":13,"column":8},"end":{"line":15,"column":9}}],"line":13},"1":{"loc":{"start":{"line":16,"column":8},"end":{"line":18,"column":9}},"type":"if","locations":[{"start":{"line":16,"column":8},"end":{"line":18,"column":9}},{"start":{"line":16,"column":8},"end":{"line":18,"column":9}}],"line":16},"2":{"loc":{"start":{"line":32,"column":15},"end":{"line":32,"column":60}},"type":"cond-expr","locations":[{"start":{"line":32,"column":35},"end":{"line":32,"column":40}},{"start":{"line":32,"column":43},"end":{"line":32,"column":60}}],"line":32}},"s":{"0":1,"1":1,"2":1,"3":1,"4":3,"5":3,"6":1,"7":2,"8":0,"9":2,"10":1,"11":2,"12":1,"13":1,"14":1},"f":{"0":3,"1":3,"2":2,"3":1,"4":1},"b":{"0":[1,2],"1":[0,2],"2":[0,1]},"_coverageSchema":"43e27e138ebf9cfc5966b082cf9a028302ed4184","hash":"915f4e1d996e1646e9507abed806ec2241f9fb17"}
,"D:\\Work\\FrontEnd\\final-project\\finalProjectCloned\\controllers\\customers-controller.js": {"path":"D:\\Work\\FrontEnd\\final-project\\finalProjectCloned\\controllers\\customers-controller.js","statementMap":{"0":{"start":{"line":1,"column":17},"end":{"line":1,"column":36}},"1":{"start":{"line":2,"column":19},"end":{"line":2,"column":45}},"2":{"start":{"line":3,"column":17},"end":{"line":3,"column":52}},"3":{"start":{"line":10,"column":15},"end":{"line":10,"column":17}},"4":{"start":{"line":11,"column":2},"end":{"line":18,"column":3}},"5":{"start":{"line":12,"column":17},"end":{"line":12,"column":40}},"6":{"start":{"line":13,"column":4},"end":{"line":17,"column":5}},"7":{"start":{"line":14,"column":6},"end":{"line":16,"column":9}},"8":{"start":{"line":15,"column":8},"end":{"line":15,"column":40}},"9":{"start":{"line":19,"column":2},"end":{"line":19,"column":40}},"10":{"start":{"line":29,"column":0},"end":{"line":48,"column":2}},"11":{"start":{"line":30,"column":2},"end":{"line":47,"column":3}},"12":{"start":{"line":31,"column":4},"end":{"line":31,"column":67}},"13":{"start":{"line":32,"column":4},"end":{"line":32,"column":11}},"14":{"start":{"line":34,"column":4},"end":{"line":46,"column":9}},"15":{"start":{"line":40,"column":8},"end":{"line":40,"column":56}},"16":{"start":{"line":41,"column":8},"end":{"line":41,"column":15}},"17":{"start":{"line":44,"column":8},"end":{"line":44,"column":59}},"18":{"start":{"line":45,"column":8},"end":{"line":45,"column":15}},"19":{"start":{"line":55,"column":0},"end":{"line":69,"column":2}},"20":{"start":{"line":56,"column":2},"end":{"line":68,"column":7}},"21":{"start":{"line":58,"column":6},"end":{"line":62,"column":7}},"22":{"start":{"line":59,"column":8},"end":{"line":59,"column":47}},"23":{"start":{"line":61,"column":8},"end":{"line":61,"column":70}},"24":{"start":{"line":63,"column":6},"end":{"line":63,"column":13}},"25":{"start":{"line":66,"column":6},"end":{"line":66,"column":41}},"26":{"start":{"line":67,"column":6},"end":{"line":67,"column":13}},"27":{"start":{"line":76,"column":0},"end":{"line":86,"column":2}},"28":{"start":{"line":77,"column":2},"end":{"line":85,"column":7}},"29":{"start":{"line":79,"column":6},"end":{"line":79,"column":45}},"30":{"start":{"line":80,"column":6},"end":{"line":80,"column":13}},"31":{"start":{"line":83,"column":6},"end":{"line":83,"column":41}},"32":{"start":{"line":84,"column":6},"end":{"line":84,"column":13}},"33":{"start":{"line":93,"column":0},"end":{"line":115,"column":2}},"34":{"start":{"line":94,"column":2},"end":{"line":114,"column":7}},"35":{"start":{"line":104,"column":6},"end":{"line":108,"column":7}},"36":{"start":{"line":105,"column":8},"end":{"line":105,"column":47}},"37":{"start":{"line":107,"column":8},"end":{"line":107,"column":70}},"38":{"start":{"line":109,"column":6},"end":{"line":109,"column":13}},"39":{"start":{"line":112,"column":6},"end":{"line":112,"column":41}},"40":{"start":{"line":113,"column":6},"end":{"line":113,"column":13}},"41":{"start":{"line":122,"column":0},"end":{"line":125,"column":2}},"42":{"start":{"line":123,"column":2},"end":{"line":123,"column":43}},"43":{"start":{"line":124,"column":2},"end":{"line":124,"column":9}}},"fnMap":{"0":{"name":"mongooseErrorToResponse","decl":{"start":{"line":9,"column":9},"end":{"line":9,"column":32}},"loc":{"start":{"line":9,"column":38},"end":{"line":20,"column":1}},"line":9},"1":{"name":"(anonymous_1)","decl":{"start":{"line":14,"column":19},"end":{"line":14,"column":20}},"loc":{"start":{"line":14,"column":26},"end":{"line":16,"column":7}},"line":14},"2":{"name":"addNewCustomer","decl":{"start":{"line":29,"column":23},"end":{"line":29,"column":37}},"loc":{"start":{"line":29,"column":54},"end":{"line":48,"column":1}},"line":29},"3":{"name":"(anonymous_3)","decl":{"start":{"line":39,"column":12},"end":{"line":39,"column":13}},"loc":{"start":{"line":39,"column":24},"end":{"line":42,"column":7}},"line":39},"4":{"name":"(anonymous_4)","decl":{"start":{"line":43,"column":13},"end":{"line":43,"column":14}},"loc":{"start":{"line":43,"column":22},"end":{"line":46,"column":7}},"line":43},"5":{"name":"getCustomerById","decl":{"start":{"line":55,"column":28},"end":{"line":55,"column":43}},"loc":{"start":{"line":55,"column":60},"end":{"line":69,"column":1}},"line":55},"6":{"name":"(anonymous_6)","decl":{"start":{"line":57,"column":10},"end":{"line":57,"column":11}},"loc":{"start":{"line":57,"column":22},"end":{"line":64,"column":5}},"line":57},"7":{"name":"(anonymous_7)","decl":{"start":{"line":65,"column":11},"end":{"line":65,"column":12}},"loc":{"start":{"line":65,"column":20},"end":{"line":68,"column":5}},"line":65},"8":{"name":"getAllCustomers","decl":{"start":{"line":76,"column":24},"end":{"line":76,"column":39}},"loc":{"start":{"line":76,"column":56},"end":{"line":86,"column":1}},"line":76},"9":{"name":"(anonymous_9)","decl":{"start":{"line":78,"column":10},"end":{"line":78,"column":11}},"loc":{"start":{"line":78,"column":22},"end":{"line":81,"column":5}},"line":78},"10":{"name":"(anonymous_10)","decl":{"start":{"line":82,"column":11},"end":{"line":82,"column":12}},"loc":{"start":{"line":82,"column":20},"end":{"line":85,"column":5}},"line":82},"11":{"name":"updateCustomerData","decl":{"start":{"line":93,"column":26},"end":{"line":93,"column":44}},"loc":{"start":{"line":93,"column":61},"end":{"line":115,"column":1}},"line":93},"12":{"name":"(anonymous_12)","decl":{"start":{"line":103,"column":10},"end":{"line":103,"column":11}},"loc":{"start":{"line":103,"column":22},"end":{"line":110,"column":5}},"line":103},"13":{"name":"(anonymous_13)","decl":{"start":{"line":111,"column":11},"end":{"line":111,"column":12}},"loc":{"start":{"line":111,"column":20},"end":{"line":114,"column":5}},"line":111},"14":{"name":"customerProfile","decl":{"start":{"line":122,"column":27},"end":{"line":122,"column":42}},"loc":{"start":{"line":122,"column":59},"end":{"line":125,"column":1}},"line":122}},"branchMap":{"0":{"loc":{"start":{"line":11,"column":2},"end":{"line":18,"column":3}},"type":"if","locations":[{"start":{"line":11,"column":2},"end":{"line":18,"column":3}},{"start":{"line":11,"column":2},"end":{"line":18,"column":3}}],"line":11},"1":{"loc":{"start":{"line":13,"column":4},"end":{"line":17,"column":5}},"type":"if","locations":[{"start":{"line":13,"column":4},"end":{"line":17,"column":5}},{"start":{"line":13,"column":4},"end":{"line":17,"column":5}}],"line":13},"2":{"loc":{"start":{"line":30,"column":2},"end":{"line":47,"column":3}},"type":"if","locations":[{"start":{"line":30,"column":2},"end":{"line":47,"column":3}},{"start":{"line":30,"column":2},"end":{"line":47,"column":3}}],"line":30},"3":{"loc":{"start":{"line":30,"column":6},"end":{"line":30,"column":43}},"type":"binary-expr","locations":[{"start":{"line":30,"column":6},"end":{"line":30,"column":21}},{"start":{"line":30,"column":25},"end":{"line":30,"column":43}}],"line":30},"4":{"loc":{"start":{"line":58,"column":6},"end":{"line":62,"column":7}},"type":"if","locations":[{"start":{"line":58,"column":6},"end":{"line":62,"column":7}},{"start":{"line":58,"column":6},"end":{"line":62,"column":7}}],"line":58},"5":{"loc":{"start":{"line":104,"column":6},"end":{"line":108,"column":7}},"type":"if","locations":[{"start":{"line":104,"column":6},"end":{"line":108,"column":7}},{"start":{"line":104,"column":6},"end":{"line":108,"column":7}}],"line":104}},"s":{"0":1,"1":1,"2":1,"3":2,"4":2,"5":2,"6":2,"7":2,"8":3,"9":2,"10":1,"11":5,"12":2,"13":2,"14":3,"15":1,"16":1,"17":2,"18":2,"19":1,"20":0,"21":0,"22":0,"23":0,"24":0,"25":0,"26":0,"27":1,"28":0,"29":0,"30":0,"31":0,"32":0,"33":1,"34":0,"35":0,"36":0,"37":0,"38":0,"39":0,"40":0,"41":1,"42":1,"43":1},"f":{"0":2,"1":3,"2":5,"3":1,"4":2,"5":0,"6":0,"7":0,"8":0,"9":0,"10":0,"11":0,"12":0,"13":0,"14":1},"b":{"0":[2,0],"1":[2,0],"2":[2,3],"3":[5,3],"4":[0,0],"5":[0,0]},"_coverageSchema":"43e27e138ebf9cfc5966b082cf9a028302ed4184","hash":"9c20d4806ca609cee645ce1a20201b6c45d14a4a"}
,"D:\\Work\\FrontEnd\\final-project\\finalProjectCloned\\lib\\response.js": {"path":"D:\\Work\\FrontEnd\\final-project\\finalProjectCloned\\lib\\response.js","statementMap":{"0":{"start":{"line":8,"column":0},"end":{"line":12,"column":2}},"1":{"start":{"line":9,"column":2},"end":{"line":11,"column":4}}},"fnMap":{"0":{"name":"buildResponse","decl":{"start":{"line":8,"column":28},"end":{"line":8,"column":41}},"loc":{"start":{"line":8,"column":73},"end":{"line":12,"column":1}},"line":8}},"branchMap":{"0":{"loc":{"start":{"line":8,"column":48},"end":{"line":8,"column":60}},"type":"default-arg","locations":[{"start":{"line":8,"column":58},"end":{"line":8,"column":60}}],"line":8},"1":{"loc":{"start":{"line":8,"column":62},"end":{"line":8,"column":71}},"type":"default-arg","locations":[{"start":{"line":8,"column":70},"end":{"line":8,"column":71}}],"line":8}},"s":{"0":1,"1":11},"f":{"0":11},"b":{"0":[2],"1":[2]},"_coverageSchema":"43e27e138ebf9cfc5966b082cf9a028302ed4184","hash":"1fbc9b06035796b131e8762dfa82dd0027e11708"}
,"D:\\Work\\FrontEnd\\final-project\\finalProjectCloned\\models\\counter-model.js": {"path":"D:\\Work\\FrontEnd\\final-project\\finalProjectCloned\\models\\counter-model.js","statementMap":{"0":{"start":{"line":1,"column":17},"end":{"line":1,"column":36}},"1":{"start":{"line":3,"column":22},"end":{"line":15,"column":2}},"2":{"start":{"line":17,"column":0},"end":{"line":17,"column":58}}},"fnMap":{},"branchMap":{},"s":{"0":1,"1":1,"2":1},"f":{},"b":{},"_coverageSchema":"43e27e138ebf9cfc5966b082cf9a028302ed4184","hash":"5ecde855f4d2cc206170dc62e9befeaff163b051"}
,"D:\\Work\\FrontEnd\\final-project\\finalProjectCloned\\models\\customer-model.js": {"path":"D:\\Work\\FrontEnd\\final-project\\finalProjectCloned\\models\\customer-model.js","statementMap":{"0":{"start":{"line":1,"column":17},"end":{"line":1,"column":36}},"1":{"start":{"line":2,"column":18},"end":{"line":2,"column":38}},"2":{"start":{"line":3,"column":15},"end":{"line":3,"column":34}},"3":{"start":{"line":4,"column":16},"end":{"line":4,"column":42}},"4":{"start":{"line":6,"column":23},"end":{"line":56,"column":2}},"5":{"start":{"line":21,"column":21},"end":{"line":21,"column":25}},"6":{"start":{"line":22,"column":8},"end":{"line":31,"column":9}},"7":{"start":{"line":23,"column":10},"end":{"line":23,"column":20}},"8":{"start":{"line":25,"column":27},"end":{"line":25,"column":69}},"9":{"start":{"line":26,"column":10},"end":{"line":30,"column":32}},"10":{"start":{"line":28,"column":14},"end":{"line":28,"column":69}},"11":{"start":{"line":33,"column":24},"end":{"line":33,"column":63}},"12":{"start":{"line":43,"column":8},"end":{"line":43,"column":38}},"13":{"start":{"line":58,"column":0},"end":{"line":67,"column":2}},"14":{"start":{"line":60,"column":4},"end":{"line":60,"column":24}},"15":{"start":{"line":61,"column":4},"end":{"line":61,"column":86}},"16":{"start":{"line":62,"column":4},"end":{"line":62,"column":24}},"17":{"start":{"line":63,"column":4},"end":{"line":63,"column":19}},"18":{"start":{"line":64,"column":4},"end":{"line":64,"column":19}},"19":{"start":{"line":65,"column":4},"end":{"line":65,"column":15}},"20":{"start":{"line":70,"column":19},"end":{"line":70,"column":23}},"21":{"start":{"line":71,"column":2},"end":{"line":74,"column":3}},"22":{"start":{"line":72,"column":4},"end":{"line":72,"column":83}},"23":{"start":{"line":73,"column":4},"end":{"line":73,"column":11}},"24":{"start":{"line":78,"column":19},"end":{"line":78,"column":23}},"25":{"start":{"line":79,"column":2},"end":{"line":82,"column":3}},"26":{"start":{"line":80,"column":4},"end":{"line":80,"column":50}},"27":{"start":{"line":81,"column":4},"end":{"line":81,"column":11}},"28":{"start":{"line":86,"column":2},"end":{"line":86,"column":54}},"29":{"start":{"line":90,"column":19},"end":{"line":90,"column":23}},"30":{"start":{"line":91,"column":2},"end":{"line":101,"column":3}},"31":{"start":{"line":92,"column":4},"end":{"line":98,"column":28}},"32":{"start":{"line":94,"column":8},"end":{"line":94,"column":57}},"33":{"start":{"line":95,"column":8},"end":{"line":96,"column":25}},"34":{"start":{"line":97,"column":8},"end":{"line":97,"column":15}},"35":{"start":{"line":100,"column":4},"end":{"line":100,"column":11}},"36":{"start":{"line":104,"column":0},"end":{"line":104,"column":46}},"37":{"start":{"line":106,"column":0},"end":{"line":106,"column":43}},"38":{"start":{"line":108,"column":0},"end":{"line":108,"column":41}},"39":{"start":{"line":111,"column":2},"end":{"line":111,"column":62}},"40":{"start":{"line":114,"column":0},"end":{"line":114,"column":57}},"41":{"start":{"line":116,"column":0},"end":{"line":116,"column":60}}},"fnMap":{"0":{"name":"emailValidator","decl":{"start":{"line":20,"column":26},"end":{"line":20,"column":40}},"loc":{"start":{"line":20,"column":48},"end":{"line":32,"column":7}},"line":20},"1":{"name":"(anonymous_1)","decl":{"start":{"line":27,"column":18},"end":{"line":27,"column":19}},"loc":{"start":{"line":27,"column":27},"end":{"line":29,"column":13}},"line":27},"2":{"name":"(anonymous_2)","decl":{"start":{"line":33,"column":15},"end":{"line":33,"column":16}},"loc":{"start":{"line":33,"column":24},"end":{"line":33,"column":63}},"line":33},"3":{"name":"(anonymous_3)","decl":{"start":{"line":42,"column":17},"end":{"line":42,"column":18}},"loc":{"start":{"line":42,"column":24},"end":{"line":44,"column":7}},"line":42},"4":{"name":"(anonymous_4)","decl":{"start":{"line":59,"column":13},"end":{"line":59,"column":14}},"loc":{"start":{"line":59,"column":36},"end":{"line":66,"column":3}},"line":59},"5":{"name":"hashPassword","decl":{"start":{"line":69,"column":9},"end":{"line":69,"column":21}},"loc":{"start":{"line":69,"column":28},"end":{"line":75,"column":1}},"line":69},"6":{"name":"addCreatedDate","decl":{"start":{"line":77,"column":9},"end":{"line":77,"column":23}},"loc":{"start":{"line":77,"column":30},"end":{"line":83,"column":1}},"line":77},"7":{"name":"addLeadingZeros","decl":{"start":{"line":85,"column":9},"end":{"line":85,"column":24}},"loc":{"start":{"line":85,"column":41},"end":{"line":87,"column":1}},"line":85},"8":{"name":"addCustomerNumber","decl":{"start":{"line":89,"column":9},"end":{"line":89,"column":26}},"loc":{"start":{"line":89,"column":32},"end":{"line":102,"column":1}},"line":89},"9":{"name":"(anonymous_9)","decl":{"start":{"line":93,"column":12},"end":{"line":93,"column":13}},"loc":{"start":{"line":93,"column":20},"end":{"line":98,"column":7}},"line":93},"10":{"name":"(anonymous_10)","decl":{"start":{"line":96,"column":17},"end":{"line":96,"column":18}},"loc":{"start":{"line":96,"column":21},"end":{"line":96,"column":23}},"line":96},"11":{"name":"comparePassword","decl":{"start":{"line":110,"column":9},"end":{"line":110,"column":24}},"loc":{"start":{"line":110,"column":44},"end":{"line":112,"column":1}},"line":110}},"branchMap":{"0":{"loc":{"start":{"line":22,"column":8},"end":{"line":31,"column":9}},"type":"if","locations":[{"start":{"line":22,"column":8},"end":{"line":31,"column":9}},{"start":{"line":22,"column":8},"end":{"line":31,"column":9}}],"line":22},"1":{"loc":{"start":{"line":71,"column":2},"end":{"line":74,"column":3}},"type":"if","locations":[{"start":{"line":71,"column":2},"end":{"line":74,"column":3}},{"start":{"line":71,"column":2},"end":{"line":74,"column":3}}],"line":71},"2":{"loc":{"start":{"line":79,"column":2},"end":{"line":82,"column":3}},"type":"if","locations":[{"start":{"line":79,"column":2},"end":{"line":82,"column":3}},{"start":{"line":79,"column":2},"end":{"line":82,"column":3}}],"line":79},"3":{"loc":{"start":{"line":85,"column":28},"end":{"line":85,"column":39}},"type":"default-arg","locations":[{"start":{"line":85,"column":37},"end":{"line":85,"column":39}}],"line":85},"4":{"loc":{"start":{"line":91,"column":2},"end":{"line":101,"column":3}},"type":"if","locations":[{"start":{"line":91,"column":2},"end":{"line":101,"column":3}},{"start":{"line":91,"column":2},"end":{"line":101,"column":3}}],"line":91}},"s":{"0":1,"1":1,"2":1,"3":1,"4":1,"5":4,"6":4,"7":1,"8":3,"9":3,"10":3,"11":1,"12":3,"13":1,"14":2,"15":2,"16":2,"17":2,"18":2,"19":2,"20":2,"21":2,"22":2,"23":2,"24":2,"25":2,"26":2,"27":2,"28":2,"29":2,"30":2,"31":2,"32":2,"33":2,"34":2,"35":0,"36":1,"37":1,"38":1,"39":2,"40":1,"41":1},"f":{"0":4,"1":3,"2":1,"3":3,"4":2,"5":2,"6":2,"7":2,"8":2,"9":2,"10":0,"11":2},"b":{"0":[1,3],"1":[2,0],"2":[2,0],"3":[2],"4":[2,0]},"_coverageSchema":"43e27e138ebf9cfc5966b082cf9a028302ed4184","hash":"c18e36aa3a706f5d9ebc72da37c8b83363e41978"}
,"D:\\Work\\FrontEnd\\final-project\\finalProjectCloned\\routes\\customers-routes.js": {"path":"D:\\Work\\FrontEnd\\final-project\\finalProjectCloned\\routes\\customers-routes.js","statementMap":{"0":{"start":{"line":1,"column":15},"end":{"line":1,"column":42}},"1":{"start":{"line":2,"column":17},"end":{"line":2,"column":36}},"2":{"start":{"line":4,"column":19},"end":{"line":4,"column":45}},"3":{"start":{"line":5,"column":27},"end":{"line":5,"column":73}},"4":{"start":{"line":7,"column":0},"end":{"line":7,"column":41}},"5":{"start":{"line":9,"column":0},"end":{"line":9,"column":41}},"6":{"start":{"line":11,"column":0},"end":{"line":11,"column":46}},"7":{"start":{"line":14,"column":0},"end":{"line":27,"column":3}},"8":{"start":{"line":15,"column":2},"end":{"line":26,"column":21}},"9":{"start":{"line":16,"column":4},"end":{"line":16,"column":32}},"10":{"start":{"line":16,"column":15},"end":{"line":16,"column":31}},"11":{"start":{"line":17,"column":4},"end":{"line":21,"column":5}},"12":{"start":{"line":19,"column":6},"end":{"line":19,"column":58}},"13":{"start":{"line":20,"column":6},"end":{"line":20,"column":20}},"14":{"start":{"line":22,"column":4},"end":{"line":25,"column":7}},"15":{"start":{"line":23,"column":6},"end":{"line":23,"column":36}},"16":{"start":{"line":23,"column":17},"end":{"line":23,"column":34}},"17":{"start":{"line":24,"column":6},"end":{"line":24,"column":71}},"18":{"start":{"line":29,"column":0},"end":{"line":31,"column":30}},"19":{"start":{"line":33,"column":0},"end":{"line":36,"column":3}},"20":{"start":{"line":34,"column":2},"end":{"line":34,"column":15}},"21":{"start":{"line":35,"column":2},"end":{"line":35,"column":68}},"22":{"start":{"line":38,"column":0},"end":{"line":38,"column":24}}},"fnMap":{"0":{"name":"(anonymous_0)","decl":{"start":{"line":14,"column":21},"end":{"line":14,"column":22}},"loc":{"start":{"line":14,"column":41},"end":{"line":27,"column":1}},"line":14},"1":{"name":"(anonymous_1)","decl":{"start":{"line":15,"column":33},"end":{"line":15,"column":34}},"loc":{"start":{"line":15,"column":53},"end":{"line":26,"column":3}},"line":15},"2":{"name":"(anonymous_2)","decl":{"start":{"line":22,"column":20},"end":{"line":22,"column":21}},"loc":{"start":{"line":22,"column":29},"end":{"line":25,"column":5}},"line":22},"3":{"name":"(anonymous_3)","decl":{"start":{"line":33,"column":22},"end":{"line":33,"column":23}},"loc":{"start":{"line":33,"column":36},"end":{"line":36,"column":1}},"line":33}},"branchMap":{"0":{"loc":{"start":{"line":16,"column":4},"end":{"line":16,"column":32}},"type":"if","locations":[{"start":{"line":16,"column":4},"end":{"line":16,"column":32}},{"start":{"line":16,"column":4},"end":{"line":16,"column":32}}],"line":16},"1":{"loc":{"start":{"line":17,"column":4},"end":{"line":21,"column":5}},"type":"if","locations":[{"start":{"line":17,"column":4},"end":{"line":21,"column":5}},{"start":{"line":17,"column":4},"end":{"line":21,"column":5}}],"line":17},"2":{"loc":{"start":{"line":23,"column":6},"end":{"line":23,"column":36}},"type":"if","locations":[{"start":{"line":23,"column":6},"end":{"line":23,"column":36}},{"start":{"line":23,"column":6},"end":{"line":23,"column":36}}],"line":23}},"s":{"0":1,"1":1,"2":1,"3":1,"4":1,"5":1,"6":1,"7":1,"8":4,"9":4,"10":0,"11":4,"12":2,"13":2,"14":2,"15":2,"16":0,"17":2,"18":1,"19":1,"20":1,"21":1,"22":1},"f":{"0":4,"1":4,"2":2,"3":1},"b":{"0":[0,4],"1":[2,2],"2":[0,2]},"_coverageSchema":"43e27e138ebf9cfc5966b082cf9a028302ed4184","hash":"b50f22cec6cea35df54d524730151783ac2da146"}
}
