TN:
SF:D:\Work\FrontEnd\final-project\finalProjectCloned\server.js
FN:41,(anonymous_0)
FN:49,(anonymous_1)
FN:54,(anonymous_2)
FN:55,(anonymous_3)
FNF:4
FNH:4
FNDA:12,(anonymous_0)
FNDA:8,(anonymous_1)
FNDA:1,(anonymous_2)
FNDA:1,(anonymous_3)
DA:1,1
DA:2,1
DA:4,1
DA:5,1
DA:6,1
DA:7,1
DA:8,1
DA:9,1
DA:10,1
DA:11,1
DA:12,1
DA:14,1
DA:16,1
DA:17,1
DA:18,1
DA:20,1
DA:24,1
DA:25,1
DA:26,1
DA:27,1
DA:28,1
DA:29,1
DA:30,1
DA:36,1
DA:37,1
DA:41,1
DA:42,12
DA:45,1
DA:49,1
DA:50,8
DA:53,1
DA:55,1
DA:56,1
DA:57,0
DA:63,1
LF:35
LH:34
BRDA:17,0,0,1
BRDA:17,0,1,1
BRDA:56,1,0,0
BRDA:56,1,1,1
BRF:4
BRH:3
end_of_record
TN:
SF:D:\Work\FrontEnd\final-project\finalProjectCloned\config\env.js
FN:13,(anonymous_0)
FNF:1
FNH:1
FNDA:4,(anonymous_0)
DA:1,1
DA:2,1
DA:4,1
DA:11,1
DA:13,1
DA:14,4
DA:16,0
DA:17,0
DA:18,0
DA:19,0
DA:21,0
DA:22,0
DA:27,1
DA:29,0
DA:30,0
LF:15
LH:7
BRDA:14,0,0,0
BRDA:14,0,1,4
BRDA:17,1,0,0
BRDA:17,1,1,0
BRDA:27,2,0,0
BRDA:27,2,1,1
BRF:6
BRH:2
end_of_record
TN:
SF:D:\Work\FrontEnd\final-project\finalProjectCloned\config\mongoose.js
FN:9,(anonymous_0)
FN:11,(anonymous_1)
FNF:2
FNH:1
FNDA:1,(anonymous_0)
FNDA:0,(anonymous_1)
DA:1,1
DA:2,1
DA:4,1
DA:5,1
DA:7,1
DA:9,1
DA:11,1
LF:7
LH:7
BRDA:7,0,0,1
BRDA:7,0,1,0
BRF:2
BRH:1
end_of_record
TN:
SF:D:\Work\FrontEnd\final-project\finalProjectCloned\config\passport.js
FN:10,(anonymous_0)
FN:12,(anonymous_1)
FN:25,(anonymous_2)
FN:29,(anonymous_3)
FN:31,(anonymous_4)
FNF:5
FNH:5
FNDA:3,(anonymous_0)
FNDA:3,(anonymous_1)
FNDA:2,(anonymous_2)
FNDA:1,(anonymous_3)
FNDA:1,(anonymous_4)
DA:1,1
DA:2,1
DA:3,1
DA:5,1
DA:11,3
DA:13,3
DA:14,1
DA:16,2
DA:17,0
DA:19,2
DA:25,1
DA:26,2
DA:29,1
DA:30,1
DA:32,1
LF:15
LH:14
BRDA:13,0,0,1
BRDA:13,0,1,2
BRDA:16,1,0,0
BRDA:16,1,1,2
BRDA:32,2,0,0
BRDA:32,2,1,1
BRF:6
BRH:4
end_of_record
TN:
SF:D:\Work\FrontEnd\final-project\finalProjectCloned\controllers\customers-controller.js
FN:9,mongooseErrorToResponse
FN:14,(anonymous_1)
FN:29,addNewCustomer
FN:39,(anonymous_3)
FN:43,(anonymous_4)
FN:55,getCustomerById
FN:57,(anonymous_6)
FN:65,(anonymous_7)
FN:76,getAllCustomers
FN:78,(anonymous_9)
FN:82,(anonymous_10)
FN:93,updateCustomerData
FN:103,(anonymous_12)
FN:111,(anonymous_13)
FN:122,customerProfile
FNF:15
FNH:6
FNDA:2,mongooseErrorToResponse
FNDA:3,(anonymous_1)
FNDA:5,addNewCustomer
FNDA:1,(anonymous_3)
FNDA:2,(anonymous_4)
FNDA:0,getCustomerById
FNDA:0,(anonymous_6)
FNDA:0,(anonymous_7)
FNDA:0,getAllCustomers
FNDA:0,(anonymous_9)
FNDA:0,(anonymous_10)
FNDA:0,updateCustomerData
FNDA:0,(anonymous_12)
FNDA:0,(anonymous_13)
FNDA:1,customerProfile
DA:1,1
DA:2,1
DA:3,1
DA:10,2
DA:11,2
DA:12,2
DA:13,2
DA:14,2
DA:15,3
DA:19,2
DA:29,1
DA:30,5
DA:31,2
DA:32,2
DA:34,3
DA:40,1
DA:41,1
DA:44,2
DA:45,2
DA:55,1
DA:56,0
DA:58,0
DA:59,0
DA:61,0
DA:63,0
DA:66,0
DA:67,0
DA:76,1
DA:77,0
DA:79,0
DA:80,0
DA:83,0
DA:84,0
DA:93,1
DA:94,0
DA:104,0
DA:105,0
DA:107,0
DA:109,0
DA:112,0
DA:113,0
DA:122,1
DA:123,1
DA:124,1
LF:44
LH:25
BRDA:11,0,0,2
BRDA:11,0,1,0
BRDA:13,1,0,2
BRDA:13,1,1,0
BRDA:30,2,0,2
BRDA:30,2,1,3
BRDA:30,3,0,5
BRDA:30,3,1,3
BRDA:58,4,0,0
BRDA:58,4,1,0
BRDA:104,5,0,0
BRDA:104,5,1,0
BRF:12
BRH:6
end_of_record
TN:
SF:D:\Work\FrontEnd\final-project\finalProjectCloned\lib\response.js
FN:8,buildResponse
FNF:1
FNH:1
FNDA:11,buildResponse
DA:8,1
DA:9,11
LF:2
LH:2
BRDA:8,0,0,2
BRDA:8,1,0,2
BRF:2
BRH:2
end_of_record
TN:
SF:D:\Work\FrontEnd\final-project\finalProjectCloned\models\counter-model.js
FNF:0
FNH:0
DA:1,1
DA:3,1
DA:17,1
LF:3
LH:3
BRF:0
BRH:0
end_of_record
TN:
SF:D:\Work\FrontEnd\final-project\finalProjectCloned\models\customer-model.js
FN:20,emailValidator
FN:27,(anonymous_1)
FN:33,(anonymous_2)
FN:42,(anonymous_3)
FN:59,(anonymous_4)
FN:69,hashPassword
FN:77,addCreatedDate
FN:85,addLeadingZeros
FN:89,addCustomerNumber
FN:93,(anonymous_9)
FN:96,(anonymous_10)
FN:110,comparePassword
FNF:12
FNH:11
FNDA:4,emailValidator
FNDA:3,(anonymous_1)
FNDA:1,(anonymous_2)
FNDA:3,(anonymous_3)
FNDA:2,(anonymous_4)
FNDA:2,hashPassword
FNDA:2,addCreatedDate
FNDA:2,addLeadingZeros
FNDA:2,addCustomerNumber
FNDA:2,(anonymous_9)
FNDA:0,(anonymous_10)
FNDA:2,comparePassword
DA:1,1
DA:2,1
DA:3,1
DA:4,1
DA:6,1
DA:21,4
DA:22,4
DA:23,1
DA:25,3
DA:26,3
DA:28,3
DA:33,1
DA:43,3
DA:58,1
DA:60,2
DA:61,2
DA:62,2
DA:63,2
DA:64,2
DA:65,2
DA:70,2
DA:71,2
DA:72,2
DA:73,2
DA:78,2
DA:79,2
DA:80,2
DA:81,2
DA:86,2
DA:90,2
DA:91,2
DA:92,2
DA:94,2
DA:95,2
DA:97,2
DA:100,0
DA:104,1
DA:106,1
DA:108,1
DA:111,2
DA:114,1
DA:116,1
LF:42
LH:41
BRDA:22,0,0,1
BRDA:22,0,1,3
BRDA:71,1,0,2
BRDA:71,1,1,0
BRDA:79,2,0,2
BRDA:79,2,1,0
BRDA:85,3,0,2
BRDA:91,4,0,2
BRDA:91,4,1,0
BRF:9
BRH:6
end_of_record
TN:
SF:D:\Work\FrontEnd\final-project\finalProjectCloned\routes\customers-routes.js
FN:14,(anonymous_0)
FN:15,(anonymous_1)
FN:22,(anonymous_2)
FN:33,(anonymous_3)
FNF:4
FNH:4
FNDA:4,(anonymous_0)
FNDA:4,(anonymous_1)
FNDA:2,(anonymous_2)
FNDA:1,(anonymous_3)
DA:1,1
DA:2,1
DA:4,1
DA:5,1
DA:7,1
DA:9,1
DA:11,1
DA:14,1
DA:15,4
DA:16,4
DA:17,4
DA:19,2
DA:20,2
DA:22,2
DA:23,2
DA:24,2
DA:29,1
DA:33,1
DA:34,1
DA:35,1
DA:38,1
LF:21
LH:21
BRDA:16,0,0,0
BRDA:16,0,1,4
BRDA:17,1,0,2
BRDA:17,1,1,2
BRDA:23,2,0,0
BRDA:23,2,1,2
BRF:6
BRH:4
end_of_record
